\BOOKMARK [1][-]{section*.4}{Introduction}{}% 1
\BOOKMARK [1][-]{section*.5}{Related Work}{}% 2
\BOOKMARK [2][-]{section*.6}{Game Control}{section*.5}% 3
\BOOKMARK [2][-]{section*.7}{Glass Input}{section*.5}% 4
\BOOKMARK [2][-]{section*.8}{Gaming in Public Space}{section*.5}% 5
\BOOKMARK [2][-]{section*.9}{User-Defined Gesture}{section*.5}% 6
\BOOKMARK [1][-]{section*.10}{Developing a User-Defined Game Control Set}{}% 7
\BOOKMARK [2][-]{section*.11}{Overview and Rationale}{section*.10}% 8
\BOOKMARK [2][-]{section*.12}{Game Tasks}{section*.10}% 9
\BOOKMARK [2][-]{section*.13}{Participants}{section*.10}% 10
\BOOKMARK [2][-]{section*.14}{Glass Forms}{section*.10}% 11
\BOOKMARK [2][-]{section*.15}{Interaction Methods}{section*.10}% 12
\BOOKMARK [2][-]{section*.16}{Procedure}{section*.10}% 13
\BOOKMARK [1][-]{section*.17}{Results}{}% 14
\BOOKMARK [2][-]{section*.18}{Preference Between Interaction Methods}{section*.17}% 15
\BOOKMARK [2][-]{section*.19}{Behavior with Different Glasses Forms}{section*.17}% 16
\BOOKMARK [2][-]{section*.20}{Classification of Game Controls}{section*.17}% 17
\BOOKMARK [3][-]{section*.21}{Taxonomy of Game Control}{section*.20}% 18
\BOOKMARK [2][-]{section*.22}{User-Defined Game Control Sets}{section*.17}% 19
\BOOKMARK [3][-]{section*.23}{Agreement}{section*.22}% 20
\BOOKMARK [3][-]{section*.24}{Conflict and Coverage}{section*.22}% 21
\BOOKMARK [3][-]{section*.25}{Properties of the User-defined Gesture Sets}{section*.22}% 22
\BOOKMARK [3][-]{section*.26}{Taxonometric Breakdown of User-defined Game Controls}{section*.22}% 23
\BOOKMARK [2][-]{section*.27}{Mental Model Observations}{section*.17}% 24
\BOOKMARK [3][-]{section*.28}{Social Acceptance and Control Area}{section*.27}% 25
\BOOKMARK [3][-]{section*.29}{Metaphor from Exisiting Game Control}{section*.27}% 26
\BOOKMARK [1][-]{section*.30}{Discussion}{}% 27
\BOOKMARK [2][-]{section*.31}{Users' and Designers' Gestures}{section*.30}% 28
\BOOKMARK [3][-]{section*.32}{Implications for In-Air Gesture Technology}{section*.31}% 29
\BOOKMARK [3][-]{section*.33}{Implications for On-Body Input Technology}{section*.31}% 30
\BOOKMARK [3][-]{section*.34}{Implications for User Interfaces}{section*.31}% 31
\BOOKMARK [3][-]{section*.35}{Limitation and Next Steps}{section*.31}% 32
\BOOKMARK [1][-]{section*.36}{Conclusion}{}% 33
\BOOKMARK [1][-]{section*.37}{Acknowledgments}{}% 34
\BOOKMARK [1][-]{section*.38}{REFERENCES }{}% 35
